16:24:30 (MainThread) users.txt doesn't exist
16:24:30 (MainThread) sleep 1sec
16:24:31 (MainThread) sleep 1sec
16:24:33 (MainThread) sleep 1sec
16:24:34 (MainThread) sleep 1sec
16:24:35 (MainThread) sleep 1sec
16:24:37 (MainThread) sleep 1sec
16:24:38 (MainThread) sleep 1sec
16:24:39 (MainThread) sleep 1sec
16:24:41 (MainThread) sleep 1sec
16:24:42 (MainThread) sleep 1sec
16:24:43 (MainThread) sleep 1sec
16:24:45 (MainThread) sleep 1sec
16:24:46 (MainThread) sleep 1sec
16:24:47 (MainThread) sleep 1sec
16:24:49 (MainThread) sleep 1sec
16:24:50 (MainThread) sleep 1sec
16:24:51 (MainThread) sleep 1sec
16:24:53 (MainThread) sleep 1sec
16:24:54 (MainThread) sleep 1sec
16:24:55 (MainThread) sleep 1sec
16:24:56 (MainThread) sleep 1sec
16:24:58 (MainThread) sleep 1sec
16:24:59 (MainThread) sleep 1sec
16:25:00 (MainThread) sleep 1sec
16:25:02 (MainThread) sleep 1sec
16:25:03 (MainThread) sleep 1sec
16:25:04 (MainThread) sleep 1sec
16:25:06 (MainThread) sleep 1sec
16:25:07 (MainThread) sleep 1sec
16:25:08 (MainThread) sleep 1sec
16:25:09 (MainThread) sleep 1sec
16:25:11 (MainThread) sleep 1sec
16:25:12 (MainThread) sleep 1sec
16:25:13 (MainThread) sleep 1sec
16:25:15 (MainThread) sleep 1sec
16:25:16 (MainThread) sleep 1sec
16:25:17 (MainThread) sleep 1sec
16:25:19 (MainThread) sleep 1sec
16:25:20 (MainThread) sleep 1sec
16:25:21 (MainThread) sleep 1sec
16:25:23 (MainThread) sleep 1sec
16:25:24 (MainThread) sleep 1sec
16:25:25 (MainThread) sleep 1sec
16:25:27 (MainThread) sleep 1sec
16:25:28 (MainThread) sleep 1sec
16:25:29 (MainThread) sleep 1sec
16:25:30 (MainThread) dump users
16:25:31 (MainThread) sleep 1sec
16:25:32 (MainThread) dump users
16:25:32 (MainThread) sleep 1sec
16:25:33 (MainThread) dump users
16:25:33 (MainThread) entry: {'message': {'text': '/start', 'from': {'first_name': 'Eugene', 'last_name': 'Nemchenko', 'id': 97608416}, 'chat': {'first_name': 'Eugene', 'last_name': 'Nemchenko', 'type': 'private', 'id': 97608416}, 'message_id': 82, 'date': 1486301133, 'entities': [{'offset': 0, 'type': 'bot_command', 'length': 6}]}, 'update_id': 823757701}
16:25:33 (MainThread) command, chat_id: /start 97608416
16:25:33 (MainThread) in start_cmd
16:25:33 (MainThread) sleep 1sec
16:25:34 (MainThread) dump users
16:25:35 (MainThread) sleep 1sec
16:25:36 (MainThread) dump users
16:25:36 (MainThread) sleep 1sec
16:25:37 (MainThread) dump users
16:25:37 (MainThread) sleep 1sec
16:25:38 (MainThread) dump users
16:25:39 (MainThread) sleep 1sec
16:25:40 (MainThread) dump users
16:25:40 (MainThread) sleep 1sec
16:25:41 (MainThread) dump users
16:25:41 (MainThread) sleep 1sec
16:25:42 (MainThread) dump users
16:25:43 (MainThread) sleep 1sec
16:25:44 (MainThread) dump users
16:25:44 (MainThread) sleep 1sec
16:25:45 (MainThread) dump users
16:25:45 (MainThread) sleep 1sec
16:25:46 (MainThread) dump users
16:25:46 (MainThread) sleep 1sec
16:25:47 (MainThread) dump users
16:25:48 (MainThread) sleep 1sec
16:25:49 (MainThread) dump users
16:25:49 (MainThread) sleep 1sec
16:25:50 (MainThread) dump users
16:25:50 (MainThread) entry: {'message': {'text': '/next', 'from': {'first_name': 'Eugene', 'last_name': 'Nemchenko', 'id': 97608416}, 'chat': {'first_name': 'Eugene', 'last_name': 'Nemchenko', 'type': 'private', 'id': 97608416}, 'message_id': 83, 'date': 1486301149, 'entities': [{'offset': 0, 'type': 'bot_command', 'length': 5}]}, 'update_id': 823757702}
16:25:50 (MainThread) command, chat_id: /next 97608416
16:25:50 (MainThread) in next_cmd
16:25:50 (MainThread) send to chat_id = 97608416, text = 
Большинству поклонников Игоря Матвеевича… [Костолевского] кажется, что он получил диплом в университете счастья, но… у него есть и аттестат школы несчастий.

16:25:51 (MainThread) SEND: {"ok":true,"result":{"message_id":84,"from":{"id":284065983,"first_name":"kak_diplom","username":"kak_diplom_bot"},"chat":{"id":97608416,"first_name":"Eugene","last_name":"Nemchenko","type":"private"},"date":1486301151,"text":"\u0411\u043e\u043b\u044c\u0448\u0438\u043d\u0441\u0442\u0432\u0443 \u043f\u043e\u043a\u043b\u043e\u043d\u043d\u0438\u043a\u043e\u0432 \u0418\u0433\u043e\u0440\u044f \u041c\u0430\u0442\u0432\u0435\u0435\u0432\u0438\u0447\u0430\u2026 [\u041a\u043e\u0441\u0442\u043e\u043b\u0435\u0432\u0441\u043a\u043e\u0433\u043e] \u043a\u0430\u0436\u0435\u0442\u0441\u044f, \u0447\u0442\u043e \u043e\u043d \u043f\u043e\u043b\u0443\u0447\u0438\u043b \u0434\u0438\u043f\u043b\u043e\u043c \u0432 \u0443\u043d\u0438\u0432\u0435\u0440\u0441\u0438\u0442\u0435\u0442\u0435 \u0441\u0447\u0430\u0441\u0442\u044c\u044f, \u043d\u043e\u2026 \u0443 \u043d\u0435\u0433\u043e \u0435\u0441\u0442\u044c \u0438 \u0430\u0442\u0442\u0435\u0441\u0442\u0430\u0442 \u0448\u043a\u043e\u043b\u044b \u043d\u0435\u0441\u0447\u0430\u0441\u0442\u0438\u0439."}}
16:25:51 (MainThread) sleep 1sec
16:25:52 (MainThread) dump users
16:25:52 (MainThread) sleep 1sec
16:25:53 (MainThread) dump users
16:25:53 (MainThread) sleep 1sec
16:25:54 (MainThread) dump users
16:25:55 (MainThread) sleep 1sec
16:25:56 (MainThread) dump users
16:25:56 (MainThread) sleep 1sec
16:25:57 (MainThread) dump users
16:25:57 (MainThread) sleep 1sec
16:25:58 (MainThread) dump users
16:25:59 (MainThread) sleep 1sec
16:26:00 (MainThread) dump users
16:26:00 (MainThread) sleep 1sec
16:26:01 (MainThread) dump users
16:26:01 (MainThread) sleep 1sec
16:26:02 (MainThread) dump users
16:26:03 (MainThread) sleep 1sec
16:26:04 (MainThread) dump users
16:26:04 (MainThread) sleep 1sec
16:26:05 (MainThread) dump users
16:26:05 (MainThread) sleep 1sec
16:26:06 (MainThread) dump users
16:26:07 (MainThread) sleep 1sec
16:26:08 (MainThread) dump users
16:26:08 (MainThread) sleep 1sec
16:26:09 (MainThread) dump users
16:26:09 (MainThread) sleep 1sec
16:26:10 (MainThread) dump users
16:26:10 (MainThread) sleep 1sec
16:26:12 (MainThread) dump users
